<?xml version="1.0" encoding="UTF-8"?>
<!-- Generated by org.testng.reporters.JUnitXMLReporter -->
<testsuite ignored="0" hostname="LAPTOP-9OQBLNCE" failures="0" tests="4" name="demoblazeTest" time="43.52" errors="0" timestamp="2023-05-02T23:26:40 IST">
  <testcase classname="demoblaze_TestNG.DemoBlaze_Test" name="invokeBrowser" time="13.287"/>
  <testcase classname="demoblaze_TestNG.DemoBlaze_Test" name="greetingUser" time="13.246"/>
  <testcase classname="demoblaze_TestNG.DemoBlaze_Test" name="signUp" time="4.126"/>
  <testcase classname="demoblaze_TestNG.DemoBlaze_Test" name="verifyName" time="12.758"/>
</testsuite> <!-- demoblazeTest -->
