<?xml version="1.0" encoding="UTF-8"?>
<testng-results ignored="0" total="4" passed="4" failed="0" skipped="0">
  <reporter-output>
  </reporter-output>
  <suite started-at="2023-05-02T23:25:57 IST" name="DBSuite" finished-at="2023-05-02T23:26:40 IST" duration-ms="43520">
    <groups>
    </groups>
    <test started-at="2023-05-02T23:25:57 IST" name="demoblazeTest" finished-at="2023-05-02T23:26:40 IST" duration-ms="43520">
      <class name="demoblaze_TestNG.DemoBlaze_Test">
        <test-method signature="invokeBrowser()[pri:0, instance:demoblaze_TestNG.DemoBlaze_Test@783a467b]" started-at="2023-05-02T23:25:57 IST" name="invokeBrowser" finished-at="2023-05-02T23:26:10 IST" duration-ms="13287" status="PASS">
          <reporter-output>
          </reporter-output>
        </test-method> <!-- invokeBrowser -->
        <test-method signature="greetingUser()[pri:1, instance:demoblaze_TestNG.DemoBlaze_Test@783a467b]" started-at="2023-05-02T23:26:10 IST" name="greetingUser" finished-at="2023-05-02T23:26:23 IST" duration-ms="13246" status="PASS">
          <reporter-output>
          </reporter-output>
        </test-method> <!-- greetingUser -->
        <test-method signature="signUp()[pri:2, instance:demoblaze_TestNG.DemoBlaze_Test@783a467b]" started-at="2023-05-02T23:26:23 IST" name="signUp" finished-at="2023-05-02T23:26:27 IST" duration-ms="4126" status="PASS">
          <reporter-output>
          </reporter-output>
        </test-method> <!-- signUp -->
        <test-method signature="verifyName()[pri:3, instance:demoblaze_TestNG.DemoBlaze_Test@783a467b]" started-at="2023-05-02T23:26:27 IST" name="verifyName" finished-at="2023-05-02T23:26:40 IST" duration-ms="12758" status="PASS">
          <reporter-output>
          </reporter-output>
        </test-method> <!-- verifyName -->
      </class> <!-- demoblaze_TestNG.DemoBlaze_Test -->
    </test> <!-- demoblazeTest -->
  </suite> <!-- DBSuite -->
</testng-results>
